<?xml version="1.0" encoding="UTF-8"?>
<!-- Generated by org.testng.reporters.JUnitReportReporter -->
<testsuite skipped="0" hostname="shivprsi-w10" name="com.cerebra.test.testScripts.RegressionScripts" tests="9" failures="1" timestamp="16 May 2021 18:08:04 GMT" time="44.371" errors="0">
  <testcase name="loginTest" time="1.979" classname="com.cerebra.test.testScripts.RegressionScripts"/>
  <testcase name="validateManageWarehouse" time="14.733" classname="com.cerebra.test.testScripts.RegressionScripts"/>
  <testcase name="verifyLoginPageLinks" time="5.332" classname="com.cerebra.test.testScripts.RegressionScripts">
    <failure type="java.lang.AssertionError" message="There are broken/ un configured links/links for another domain in this site. Here&#039;s the list&gt;&gt;[https://cerebra.health/blog, https://www.facebook.com/cerebraofficial, https://twitter.com/cerebraofficial, https://www.linkedin.com/company/25021041/, https://cerebra.health/our-partners, https://cerebra.health/policies, https://michelesleepscoring.com/] expected [true] but found [false]">
      <![CDATA[java.lang.AssertionError: There are broken/ un configured links/links for another domain in this site. Here's the list>>[https://cerebra.health/blog, https://www.facebook.com/cerebraofficial, https://twitter.com/cerebraofficial, https://www.linkedin.com/company/25021041/, https://cerebra.health/our-partners, https://cerebra.health/policies, https://michelesleepscoring.com/] expected [true] but found [false]
at org.testng.Assert.fail(Assert.java:96)
at org.testng.Assert.failNotEquals(Assert.java:776)
at org.testng.Assert.assertTrue(Assert.java:44)
at com.cerebra.test.pageScript.LoginPage.validateBrokenLink(LoginPage.java:161)
at com.cerebra.test.testScripts.RegressionScripts.verifyLoginPageLinks(RegressionScripts.java:43)
at sun.reflect.NativeMethodAccessorImpl.invoke0(Native Method)
at sun.reflect.NativeMethodAccessorImpl.invoke(Unknown Source)
at sun.reflect.DelegatingMethodAccessorImpl.invoke(Unknown Source)
at java.lang.reflect.Method.invoke(Unknown Source)
at org.testng.internal.MethodInvocationHelper.invokeMethod(MethodInvocationHelper.java:124)
at org.testng.internal.Invoker.invokeMethod(Invoker.java:583)
at org.testng.internal.Invoker.invokeTestMethod(Invoker.java:719)
at org.testng.internal.Invoker.invokeTestMethods(Invoker.java:989)
at org.testng.internal.TestMethodWorker.invokeTestMethods(TestMethodWorker.java:125)
at org.testng.internal.TestMethodWorker.run(TestMethodWorker.java:109)
at org.testng.TestRunner.privateRun(TestRunner.java:648)
at org.testng.TestRunner.run(TestRunner.java:505)
at org.testng.SuiteRunner.runTest(SuiteRunner.java:455)
at org.testng.SuiteRunner.runSequentially(SuiteRunner.java:450)
at org.testng.SuiteRunner.privateRun(SuiteRunner.java:415)
at org.testng.SuiteRunner.run(SuiteRunner.java:364)
at org.testng.SuiteRunnerWorker.runSuite(SuiteRunnerWorker.java:52)
at org.testng.SuiteRunnerWorker.run(SuiteRunnerWorker.java:84)
at org.testng.TestNG.runSuitesSequentially(TestNG.java:1208)
at org.testng.TestNG.runSuitesLocally(TestNG.java:1137)
at org.testng.TestNG.runSuites(TestNG.java:1049)
at org.testng.TestNG.run(TestNG.java:1017)
at org.testng.remote.AbstractRemoteTestNG.run(AbstractRemoteTestNG.java:115)
at org.testng.remote.RemoteTestNG.initAndRun(RemoteTestNG.java:251)
at org.testng.remote.RemoteTestNG.main(RemoteTestNG.java:77)
]]>
    </failure>
  </testcase> <!-- verifyLoginPageLinks -->
  <testcase name="loginTest" time="1.745" classname="com.cerebra.test.testScripts.RegressionScripts"/>
  <testcase name="loginTest" time="2.387" classname="com.cerebra.test.testScripts.RegressionScripts"/>
  <testcase name="loginTest" time="1.481" classname="com.cerebra.test.testScripts.RegressionScripts"/>
  <testcase name="verifyForgotPwdFeature" time="3.489" classname="com.cerebra.test.testScripts.RegressionScripts"/>
  <testcase name="loginTest" time="9.742" classname="com.cerebra.test.testScripts.RegressionScripts"/>
  <testcase name="loginTest" time="3.483" classname="com.cerebra.test.testScripts.RegressionScripts"/>
</testsuite> <!-- com.cerebra.test.testScripts.RegressionScripts -->
